[     409ms] [ERROR] Failed to load resource: net::ERR_CONNECTION_REFUSED @ https://securepubads.g.doubleclick.net/tag/js/gpt.js:0
[     409ms] [ERROR] Failed to load resource: net::ERR_CONNECTION_REFUSED @ https://static.cloudflareinsights.com/beacon.min.js:0
[     409ms] [ERROR] Failed to load resource: net::ERR_CONNECTION_REFUSED @ https://tags.crwdcntrl.net/lt/c/15647/lt.min.js:0
[     425ms] [ERROR] Failed to load resource: net::ERR_CONNECTION_REFUSED @ https://pub.doubleverify.com/signals/pub.js#ctx=21638714&cmp=DV1023945:0
[     443ms] [ERROR] Failed to load resource: the server responded with a status of 404 () @ https://www.news24.com/images/tenants/business/preferred_source.svg:0
[     506ms] [LOG] Mantis - Logger: Mantis secured event sent @ https://loader.mantis-intelligence.com/media24/loader.js:12
[     507ms] [WARNING] Mantis-Script: article publication date: config invalid @ https://loader.mantis-intelligence.com/media24/loader.js:12
[     508ms] [WARNING] Mantis-Script: article publishedDate: config invalid @ https://loader.mantis-intelligence.com/media24/loader.js:12
[     508ms] [WARNING] Mantis-Script: article modifiedDate: config invalid @ https://loader.mantis-intelligence.com/media24/loader.js:12
[     508ms] [WARNING] Mantis-Script: article publication date: not modified @ https://loader.mantis-intelligence.com/media24/loader.js:12
[     511ms] [ERROR] Failed to load resource: net::ERR_CONNECTION_REFUSED @ https://securepubads.g.doubleclick.net/tag/js/gpt.js:0
[     522ms] Uncaught (in promise) Error: Failed to load GPT script
    at window.googletag.window.googletag.apiReady.i.onerror (https://loader.mantis-intelligence.com/media24/loader.js:12:184803)
[     527ms] [LOG] Warning: cannot delete objectStore device @ https://www.news24.com/js/modules/chunk-SU4EHKH6.min.js:0
[     527ms] [LOG] Warning: cannot delete objectStore cache @ https://www.news24.com/js/modules/chunk-SU4EHKH6.min.js:0
[     527ms] [LOG] Warning: cannot delete objectStore authenticateduser @ https://www.news24.com/js/modules/chunk-SU4EHKH6.min.js:0
[     527ms] [LOG] Warning: cannot delete objectStore phone @ https://www.news24.com/js/modules/chunk-SU4EHKH6.min.js:0
[     527ms] [LOG] Warning: cannot delete objectStore subscription @ https://www.news24.com/js/modules/chunk-SU4EHKH6.min.js:0
[     527ms] [LOG] Warning: cannot delete objectStore interstitial @ https://www.news24.com/js/modules/chunk-SU4EHKH6.min.js:0
[     527ms] [LOG] Warning: cannot delete objectStore user @ https://www.news24.com/js/modules/chunk-SU4EHKH6.min.js:0
[     527ms] [LOG] Warning: cannot delete objectStore anonymous @ https://www.news24.com/js/modules/chunk-SU4EHKH6.min.js:0
[     532ms] TypeError: Cannot read properties of undefined (reading 'push')
    at u.Init (https://www.news24.com/js/modules/chunk-HVVTYNRW.min.js:1:1379)
    at u.<anonymous> (https://www.news24.com/js/modules/chunk-HVVTYNRW.min.js:1:892)
    at Generator.next (<anonymous>)
    at m (https://www.news24.com/js/modules/chunk-SICAYMG4.min.js:1:1150)
[     761ms] [LOG] Mantis-Script: : Mantis secured event sent @ https://loader.mantis-intelligence.com/media24/loader.js:12
[     882ms] [LOG] MANTIS UI WIDGET: Mantis secured event sent @ https://loader.mantis-intelligence.com/media24/loader.js:12
[     890ms] [LOG] MANTIS UI WIDGET: Mantis secured event sent @ https://loader.mantis-intelligence.com/media24/loader.js:12
[    1417ms] [ERROR] Failed to load resource: net::ERR_CONNECTION_REFUSED @ https://snap.licdn.com/li.lms-analytics/insight.min.js:0
[    2010ms] [ERROR] Failed to load resource: net::ERR_FAILED @ https://macro.adnami.io/macro/gen/adsm.macro.rmb.js:0
[    2114ms] [ERROR] Failed to load resource: net::ERR_FAILED @ https://googleads.g.doubleclick.net/pagead/viewthroughconversion/691916265/?random=1778166465068&cv=11&fst=1778166465068&bg=ffffff&guid=ON&async=1&en=gtag.config&gtm=45fe6551v9190921966z8813529273za20gzb813529273zd813529273xec&gcd=13l3l3l3l1l1&dma=0&tag_exp=0~115938466~115938469~116363097~117884344~118463262&u_w=2560&u_h=1440&url=https%3A%2F%2Fwww.news24.com%2Fbusiness%2Fconsumer-lookout%2Fwendys-win-of-the-week-the-battle-to-prove-a-calculator-isnt-an-iphone-20260412-0539&rcb=15&frm=0&tiba=Wendy%E2%80%99s%20Win%20of%20the%20Week%20%7C%20The%20battle%20to%20prove%20a%20calculator%20isn%E2%80%99t%20an%20iPhone%20%7C%20News24&hn=www.googleadservices.com&npa=0&pscdl=noapi&auid=595982365.1778166464&uaa=arm&uab=64&uafvl=Google%2520Chrome%3B147.0.7727.138%7CNot.A%252FBrand%3B8.0.0.0%7CChromium%3B147.0.7727.138&uamb=0&uam=&uap=macOS&uapv=26.4.1&uaw=0&data=event%3Dgtag.config&rfmt=3&fmt=4:0
[    2130ms] [ERROR] Failed to load resource: net::ERR_FAILED @ https://stats.g.doubleclick.net/g/collect?v=2&tid=G-ENZ2G8SQ9V&cid=1531938959.1778166465&gtm=45je6551v875860945z8813529273za20gzb813529273zd813529273&rcb=18&aip=1&dma=0&gcd=13l3l3l3l1l1&npa=0&frm=0&tag_exp=0~115616985~115938466~115938468~116363097~117884344~118463262~118690342:0
[    3431ms] [INFO] Banner not shown: beforeinstallpromptevent.preventDefault() called. The page must call beforeinstallpromptevent.prompt() to show the banner. @ https://www.news24.com/business/consumer-lookout/wendys-win-of-the-week-the-battle-to-prove-a-calculator-isnt-an-iphone-20260412-0539:0
[    5239ms] [ERROR] Failed to load resource: net::ERR_FAILED @ https://pagead2.googlesyndication.com/pagead/js/adsbygoogle.js:0
